<?xml version="1.0" encoding="UTF-8"?>
<!-- Generated by org.testng.reporters.JUnitReportReporter -->
<testsuite skipped="0" hostname="ajitbiswas-laptop" name="scripts.TestValidLogin" tests="1" failures="0" timestamp="19 Feb 2018 05:09:30 GMT" time="22.482" errors="0">
  <testcase name="testValidLogin" time="22.482" classname="scripts.TestValidLogin"/>
</testsuite> <!-- scripts.TestValidLogin -->
